Using pre-set license

 COMMAND LINE ARGUMENTS:
/Applications/Unity/Hub/Editor/2020.3.9f1/Unity.app/Contents/MacOS/Unity
-adb2
-batchMode
-noUpm
-name
AssetImportWorker0
-projectPath
/Users/snowpea/dontknockthewood
-logFile
Logs/AssetImportWorker0.log
-srvPort
50462
Successfully changed project path to: /Users/snowpea/dontknockthewood
/Users/snowpea/dontknockthewood
Using Asset Import Pipeline V2.
Refreshing native plugins compatible for Editor in 26.62 ms, found 1 plugins.
Preloading 0 native plugins for Editor in 0.00 ms.
Initialize engine version: 2020.3.9f1 (108be757e447)
[Subsystems] Discovering subsystems at path /Applications/Unity/Hub/Editor/2020.3.9f1/Unity.app/Contents/Resources/UnitySubsystems
[Subsystems] Discovering subsystems at path /Users/snowpea/dontknockthewood/Assets
GfxDevice: creating device client; threaded=0
2021-07-10 21:35:54.774 Unity[25110:803656] Color LCD preferred device: AMD Radeon Pro 555 (high power)
2021-07-10 21:35:54.774 Unity[25110:803656] Metal devices available: 2
2021-07-10 21:35:54.774 Unity[25110:803656] 0: AMD Radeon Pro 555 (high power)
2021-07-10 21:35:54.774 Unity[25110:803656] 1: Intel(R) HD Graphics 630 (low power)
2021-07-10 21:35:54.775 Unity[25110:803656] Using device AMD Radeon Pro 555 (high power)
Initializing Metal device caps: AMD Radeon Pro 555
Initialize mono
Mono path[0] = '/Applications/Unity/Hub/Editor/2020.3.9f1/Unity.app/Contents/Managed'
Mono path[1] = '/Applications/Unity/Hub/Editor/2020.3.9f1/Unity.app/Contents/MonoBleedingEdge/lib/mono/unityjit'
Mono config path = '/Applications/Unity/Hub/Editor/2020.3.9f1/Unity.app/Contents/MonoBleedingEdge/etc'
Using monoOptions --debugger-agent=transport=dt_socket,embedding=1,server=y,suspend=n,address=127.0.0.1:56110
Begin MonoManager ReloadAssembly
Registering precompiled unity dll's ...
Register platform support module: /Applications/Unity/Hub/Editor/2020.3.9f1/Unity.app/Contents/PlaybackEngines/MacStandaloneSupport/UnityEditor.OSXStandalone.Extensions.dll
Registered in 0.003942 seconds.
Native extension for OSXStandalone target not found
Refreshing native plugins compatible for Editor in 25.82 ms, found 1 plugins.
Preloading 0 native plugins for Editor in 0.00 ms.
Mono: successfully reloaded assembly
- Completed reload, in  2.389 seconds
Platform modules already initialized, skipping
Registering precompiled user dll's ...
Registered in 0.001700 seconds.
Begin MonoManager ReloadAssembly
Native extension for OSXStandalone target not found
Refreshing native plugins compatible for Editor in 0.26 ms, found 1 plugins.
Preloading 0 native plugins for Editor in 0.00 ms.
Mono: successfully reloaded assembly
- Completed reload, in  1.156 seconds
Platform modules already initialized, skipping
========================================================================
Worker process is ready to serve import requests
Launching external process: /Applications/Unity/Hub/Editor/2020.3.9f1/Unity.app/Contents/Tools/UnityShaderCompiler
Launched and connected shader compiler UnityShaderCompiler after 0.02 seconds
Refreshing native plugins compatible for Editor in 0.27 ms, found 1 plugins.
Preloading 0 native plugins for Editor in 0.00 ms.
Unloading 1137 Unused Serialized files (Serialized files now loaded: 0)
System memory in use before: 111.3 MB.
System memory in use after: 111.3 MB.

Unloading 10 unused Assets to reduce memory usage. Loaded Objects now: 1580.
Total: 1.799264 ms (FindLiveObjects: 0.177548 ms CreateObjectMapping: 0.043482 ms MarkObjects: 1.488154 ms  DeleteObjects: 0.089029 ms)

========================================================================
Received Import Request.
  path: Assets/WOOD_CAMERA.prefab
  artifactKey: Guid(0efe5ba050df2467488d8165554ec871) Importer(815301076,1909f56bfc062723c751e8b465ee728b)
Start importing Assets/WOOD_CAMERA.prefab using Guid(0efe5ba050df2467488d8165554ec871) Importer(815301076,1909f56bfc062723c751e8b465ee728b)  -> (artifact id: 'cb349d48e0be729789a179bc8dc9fd84') in 1.679580 seconds
  Import took 1.682246 seconds .

========================================================================
Received Import Request.
  Time since last request: 0.000305 seconds.
  path: Assets/ScenePrefabs
  artifactKey: Guid(0aee9c4b650f14018ba93c3836643b6a) Importer(815301076,1909f56bfc062723c751e8b465ee728b)
Start importing Assets/ScenePrefabs using Guid(0aee9c4b650f14018ba93c3836643b6a) Importer(815301076,1909f56bfc062723c751e8b465ee728b)  -> (artifact id: '5f2e34be0d756d0ed7cbc8df9ccd7cd0') in 0.002477 seconds
  Import took 0.004875 seconds .

